This is pdfTeX, Version 3.141592653-2.6-1.40.26 (MiKTeX 24.3) (preloaded format=pdflatex 2024.3.24)  14 MAY 2024 21:20
entering extended mode
 restricted \write18 enabled.
 file:line:error style messages enabled.
 %&-line parsing enabled.
**"c:/Users/batuh/Documents/Dersler/CENG350 - software/SAD/CENG350 SAD/main.tex"
(c:/Users/batuh/Documents/Dersler/CENG350 - software/SAD/CENG350 SAD/main.tex
LaTeX2e <2023-11-01> patch level 1
L3 programming layer <2024-03-14>
(C:\Users\batuh\AppData\Local\Programs\MiKTeX\tex/latex/base\report.cls
Document Class: report 2023/05/17 v1.4n Standard LaTeX document class
(C:\Users\batuh\AppData\Local\Programs\MiKTeX\tex/latex/base\size12.clo
File: size12.clo 2023/05/17 v1.4n Standard LaTeX file (size option)
)
\c@part=\count188
\c@chapter=\count189
\c@section=\count190
\c@subsection=\count191
\c@subsubsection=\count192
\c@paragraph=\count193
\c@subparagraph=\count194
\c@figure=\count195
\c@table=\count196
\abovecaptionskip=\skip48
\belowcaptionskip=\skip49
\bibindent=\dimen140
) (PackagesAndSettings.tex (C:\Users\batuh\AppData\Local\Programs\MiKTeX\tex/latex/geometry\geometry.sty
Package: geometry 2020/01/02 v5.9 Page Geometry
 (C:\Users\batuh\AppData\Local\Programs\MiKTeX\tex/latex/graphics\keyval.sty
Package: keyval 2022/05/29 v1.15 key=value parser (DPC)
\KV@toks@=\toks17
) (C:\Users\batuh\AppData\Local\Programs\MiKTeX\tex/generic/iftex\ifvtex.sty
Package: ifvtex 2019/10/25 v1.7 ifvtex legacy package. Use iftex instead.
 (C:\Users\batuh\AppData\Local\Programs\MiKTeX\tex/generic/iftex\iftex.sty
Package: iftex 2022/02/03 v1.0f TeX engine tests
))
\Gm@cnth=\count197
\Gm@cntv=\count198
\c@Gm@tempcnt=\count199
\Gm@bindingoffset=\dimen141
\Gm@wd@mp=\dimen142
\Gm@odd@mp=\dimen143
\Gm@even@mp=\dimen144
\Gm@layoutwidth=\dimen145
\Gm@layoutheight=\dimen146
\Gm@layouthoffset=\dimen147
\Gm@layoutvoffset=\dimen148
\Gm@dimlist=\toks18
 (C:\Users\batuh\AppData\Local\Programs\MiKTeX\tex/latex/geometry\geometry.cfg)) (C:\Users\batuh\AppData\Local\Programs\MiKTeX\tex/latex/tocbibind\tocbibind.sty
Package: tocbibind 2010/10/13 v1.5k extra ToC listings
Package tocbibind Info: The document has chapter divisions on input line 50.


Package tocbibind Note: Using chapter style headings, unless overridden.

) (C:\Users\batuh\AppData\Local\Programs\MiKTeX\tex/latex/fancyhdr\fancyhdr.sty
Package: fancyhdr 2022/11/09 v4.1 Extensive control of page headers and footers
\f@nch@headwidth=\skip50
\f@nch@O@elh=\skip51
\f@nch@O@erh=\skip52
\f@nch@O@olh=\skip53
\f@nch@O@orh=\skip54
\f@nch@O@elf=\skip55
\f@nch@O@erf=\skip56
\f@nch@O@olf=\skip57
\f@nch@O@orf=\skip58
) (C:\Users\batuh\AppData\Local\Programs\MiKTeX\tex/latex/tools\tabularx.sty
Package: tabularx 2023/07/08 v2.11c `tabularx' package (DPC)
 (C:\Users\batuh\AppData\Local\Programs\MiKTeX\tex/latex/tools\array.sty
Package: array 2023/10/16 v2.5g Tabular extension package (FMi)
\col@sep=\dimen149
\ar@mcellbox=\box51
\extrarowheight=\dimen150
\NC@list=\toks19
\extratabsurround=\skip59
\backup@length=\skip60
\ar@cellbox=\box52
)
\TX@col@width=\dimen151
\TX@old@table=\dimen152
\TX@old@col=\dimen153
\TX@target=\dimen154
\TX@delta=\dimen155
\TX@cols=\count266
\TX@ftn=\toks20
) (C:\Users\batuh\AppData\Local\Programs\MiKTeX\tex/latex/tabularray\tabularray.sty (C:\Users\batuh\AppData\Local\Programs\MiKTeX\tex/latex/l3kernel\expl3.sty
Package: expl3 2024-03-14 L3 programming layer (loader) 
 (C:\Users\batuh\AppData\Local\Programs\MiKTeX\tex/latex/l3backend\l3backend-pdftex.def
File: l3backend-pdftex.def 2024-03-14 L3 backend support: PDF output (pdfTeX)
\l__color_backend_stack_int=\count267
\l__pdf_internal_box=\box53
))
Package: tabularray 2024-02-16 v2024A Typeset tabulars and arrays with LaTeX3
\l__tblr_a_int=\count268
\l__tblr_c_int=\count269
\l__tblr_r_int=\count270
\l__tblr_d_dim=\dimen156
\l__tblr_h_dim=\dimen157
\l__tblr_o_dim=\dimen158
\l__tblr_p_dim=\dimen159
\l__tblr_q_dim=\dimen160
\l__tblr_r_dim=\dimen161
\l__tblr_s_dim=\dimen162
\l__tblr_t_dim=\dimen163
\l__tblr_v_dim=\dimen164
\l__tblr_w_dim=\dimen165
\l__tblr_a_box=\box54
\l__tblr_b_box=\box55
\l__tblr_c_box=\box56
\l__tblr_d_box=\box57
\g__tblr_table_count_int=\count271
\c@rownum=\count272
\c@colnum=\count273
\c@rowcount=\count274
\c@colcount=\count275
\abovesep=\dimen166
\belowsep=\dimen167
\leftsep=\dimen168
\rightsep=\dimen169
\g_tblr_level_int=\count276
\g__tblr_data_row_key_count_int=\count277
\g__tblr_data_column_key_count_int=\count278
\g__tblr_data_cell_key_count_int=\count279
\g__tblr_array_int=\count280
\l__tblr_key_count_int=\count281
\l__tblr_key_quotient_int=\count282
\l__tblr_key_quotient_two_int=\count283
\l__tblr_key_remainder_int=\count284
\g__tblr_data_str_value_count_int=\count285
\rulewidth=\dimen170
\l__tblr_strut_dp_dim=\dimen171
\l__tblr_strut_ht_dim=\dimen172
\g__tblr_cell_wd_dim=\dimen173
\g__tblr_cell_ht_dim=\dimen174
\g__tblr_cell_head_dim=\dimen175
\g__tblr_cell_foot_dim=\dimen176
\l__column_target_dim=\dimen177
\l__tblr_caption_box=\box58
\l__tblr_caption_left_box=\box59
\l__tblr_row_head_box=\box60
\l__tblr_row_foot_box=\box61
\l__tblr_row_head_foot_dim=\dimen178
\tablewidth=\dimen179
\l__tblr_table_firsthead_box=\box62
\l__tblr_table_middlehead_box=\box63
\l__tblr_table_lasthead_box=\box64
\l__tblr_table_firstfoot_box=\box65
\l__tblr_table_middlefoot_box=\box66
\l__tblr_table_lastfoot_box=\box67
\l__tblr_remain_height_dim=\dimen180
\l__tblr_long_from_int=\count286
\l__tblr_long_to_int=\count287
\l__tblr_curr_i_int=\count288
\l__tblr_prev_i_int=\count289
\l__tblr_table_page_int=\count290
\l__tblr_table_head_box=\box68
\l__tblr_table_foot_box=\box69
\l__tblr_table_head_foot_dim=\dimen181
\l__tblr_table_head_body_foot_dim=\dimen182
\l__tblr_table_box=\box70
\l__tblr_table_hlines_box=\box71
\l__tblr_hline_box=\box72
\l__tblr_row_box=\box73
\l__tblr_col_o_wd_dim=\dimen183
\l__tblr_col_b_wd_dim=\dimen184
\l__tblr_hline_leftskip_dim=\dimen185
\l__tblr_hline_rightskip_dim=\dimen186
\l__tblr_row_ht_dim=\dimen187
\l__tblr_row_dp_dim=\dimen188
\l__tblr_row_abovesep_dim=\dimen189
\l__tblr_row_belowsep_dim=\dimen190
\l__tblr_row_vlines_box=\box74
\l__tblr_vline_box=\box75
\l__tblr_cell_box=\box76
\l__row_upper_dim=\dimen191
\l__row_lower_dim=\dimen192
\l__row_vpace_dim=\dimen193
\l__tblr_vline_aboveskip_dim=\dimen194
\l__tblr_vline_belowskip_dim=\dimen195
\l__tblr_cell_wd_dim=\dimen196
\l__tblr_cell_ht_dim=\dimen197
\l__tblr_diag_box=\box77
) (C:\Users\batuh\AppData\Local\Programs\MiKTeX\tex/latex/tools\xr.sty
Package: xr 2023-07-04 v5.06 eXternal References (DPC)
) (C:\Users\batuh\AppData\Local\Programs\MiKTeX\tex/generic/babel\babel.sty
Package: babel 2024/02/07 v24.2 The Babel package
\babel@savecnt=\count291
\U@D=\dimen198
\l@unhyphenated=\language79
 (C:\Users\batuh\AppData\Local\Programs\MiKTeX\tex/generic/babel\txtbabel.def)
\bbl@readstream=\read2
\bbl@dirlevel=\count292

*************************************
* Local config file bblopts.cfg used
*
(C:\Users\batuh\AppData\Local\Programs\MiKTeX\tex/latex/arabi\bblopts.cfg
File: bblopts.cfg 2005/09/08 v0.1 add Arabic and Farsi to "declared" options of babel
) (C:\Users\batuh\AppData\Local\Programs\MiKTeX\tex/latex/babel-english\english.ldf
Language: english 2017/06/06 v3.3r English support from the babel system
Package babel Info: Hyphen rules for 'canadian' set to \l@english
(babel)             (\language0). Reported on input line 102.
Package babel Info: Hyphen rules for 'australian' set to \l@ukenglish
(babel)             (\language73). Reported on input line 105.
Package babel Info: Hyphen rules for 'newzealand' set to \l@ukenglish
(babel)             (\language73). Reported on input line 108.
)) (C:\Users\batuh\AppData\Local\Programs\MiKTeX\tex/generic/babel/locale/en\babel-english.tex
Package babel Info: Importing font and identification data for english
(babel)             from babel-en.ini. Reported on input line 11.
) (C:\Users\batuh\AppData\Local\Programs\MiKTeX\tex/latex/base\inputenc.sty
Package: inputenc 2021/02/14 v1.3d Input encoding file
\inpenc@prehook=\toks21
\inpenc@posthook=\toks22
) (C:\Users\batuh\AppData\Local\Programs\MiKTeX\tex/latex/graphics\graphicx.sty
Package: graphicx 2021/09/16 v1.2d Enhanced LaTeX Graphics (DPC,SPQR)
 (C:\Users\batuh\AppData\Local\Programs\MiKTeX\tex/latex/graphics\graphics.sty
Package: graphics 2022/03/10 v1.4e Standard LaTeX Graphics (DPC,SPQR)
 (C:\Users\batuh\AppData\Local\Programs\MiKTeX\tex/latex/graphics\trig.sty
Package: trig 2021/08/11 v1.11 sin cos tan (DPC)
) (C:\Users\batuh\AppData\Local\Programs\MiKTeX\tex/latex/graphics-cfg\graphics.cfg
File: graphics.cfg 2016/06/04 v1.11 sample graphics configuration
)
Package graphics Info: Driver file: pdftex.def on input line 107.
 (C:\Users\batuh\AppData\Local\Programs\MiKTeX\tex/latex/graphics-def\pdftex.def
File: pdftex.def 2022/09/22 v1.2b Graphics/color driver for pdftex
))
\Gin@req@height=\dimen199
\Gin@req@width=\dimen256
) (C:\Users\batuh\AppData\Local\Programs\MiKTeX\tex/latex/titling\titling.sty
Package: titling 2009/09/04 v2.1d maketitle typesetting
\thanksmarkwidth=\skip61
\thanksmargin=\skip62
\droptitle=\skip63
) (C:\Users\batuh\AppData\Local\Programs\MiKTeX\tex/latex/datetime\datetime.sty
Package: datetime 2015/03/20 v2.60 Date Time Package
 (C:\Users\batuh\AppData\Local\Programs\MiKTeX\tex/latex/etoolbox\etoolbox.sty
Package: etoolbox 2020/10/05 v2.5k e-TeX tools for LaTeX (JAW)
\etb@tempcnta=\count293
) (C:\Users\batuh\AppData\Local\Programs\MiKTeX\tex/latex/fmtcount\fmtcount.sty
Package: fmtcount 2020/01/30 v3.07
 (C:\Users\batuh\AppData\Local\Programs\MiKTeX\tex/latex/base\ifthen.sty
Package: ifthen 2022/04/13 v1.1d Standard LaTeX ifthen package (DPC)
) (C:\Users\batuh\AppData\Local\Programs\MiKTeX\tex/latex/xkeyval\xkeyval.sty
Package: xkeyval 2022/06/16 v2.9 package option processing (HA)
 (C:\Users\batuh\AppData\Local\Programs\MiKTeX\tex/generic/xkeyval\xkeyval.tex (C:\Users\batuh\AppData\Local\Programs\MiKTeX\tex/generic/xkeyval\xkvutils.tex
\XKV@toks=\toks23
\XKV@tempa@toks=\toks24
)
\XKV@depth=\count294
File: xkeyval.tex 2014/12/03 v2.7a key=value parser (HA)
)) (C:\Users\batuh\AppData\Local\Programs\MiKTeX\tex/latex/fmtcount\fcprefix.sty
Package: fcprefix 2012/09/28
 (C:\Users\batuh\AppData\Local\Programs\MiKTeX\tex/latex/fmtcount\fcnumparser.sty
Package: fcnumparser 2017/06/15
\fc@digit@counter=\count295
)) (C:\Users\batuh\AppData\Local\Programs\MiKTeX\tex/latex/amsmath\amsgen.sty
File: amsgen.sty 1999/11/30 v2.0 generic functions
\@emptytoks=\toks25
\ex@=\dimen257
)
\c@padzeroesN=\count296
\fc@tmpcatcode=\count297
 (C:\Users\batuh\AppData\Local\Programs\MiKTeX\tex/latex/fmtcount\fc-english.def
File: fc-english.def 2016/01/12
)
\@DT@modctr=\count298
\@ordinalctr=\count299
\@orgargctr=\count300
\@strctr=\count301
\@tmpstrctr=\count302
\@DT@loopN=\count303
\@DT@X=\count304
) (C:\Users\batuh\AppData\Local\Programs\MiKTeX\tex/latex/datetime\datetime-defaults.sty
Package: datetime-defaults 2013/09/10
)
\@day=\count305
\@month=\count306
\@year=\count307
\c@HOUR=\count308
\c@HOURXII=\count309
\c@MINUTE=\count310
\c@TOHOUR=\count311
\c@TOMINUTE=\count312
\c@SECOND=\count313
\currenthour=\count314
\currentminute=\count315
\currentsecond=\count316
Package datetime Info: No datetime.cfg file found, using default settings on input line 308.
\@dtctr=\count317
\dayofyear=\count318
\dayofweek=\count319
LaTeX Info: Redefining \today on input line 736.
\dt@a=\toks26
\dt@b=\toks27
) (C:\Users\batuh\AppData\Local\Programs\MiKTeX\tex/latex/glossaries/base\glossaries.sty
Package: glossaries 2024/04/03 v4.54 (NLCT)
 (C:\Users\batuh\AppData\Local\Programs\MiKTeX\tex/latex/mfirstuc\mfirstuc.sty
Package: mfirstuc 2022/10/14 v2.08 (NLCT)
\@glsmfirst=\toks28
\@glsmrest=\toks29
) (C:\Users\batuh\AppData\Local\Programs\MiKTeX\tex/latex/xfor\xfor.sty
Package: xfor 2009/02/05 v1.05 (NLCT)
) (C:\Users\batuh\AppData\Local\Programs\MiKTeX\tex/latex/datatool\datatool-base.sty
Package: datatool-base 2019/09/27 v2.32 (NLCT)
 (C:\Users\batuh\AppData\Local\Programs\MiKTeX\tex/latex/amsmath\amsmath.sty
Package: amsmath 2023/05/13 v2.17o AMS math features
\@mathmargin=\skip64

For additional information on amsmath, use the `?' option.
(C:\Users\batuh\AppData\Local\Programs\MiKTeX\tex/latex/amsmath\amstext.sty
Package: amstext 2021/08/26 v2.01 AMS text
) (C:\Users\batuh\AppData\Local\Programs\MiKTeX\tex/latex/amsmath\amsbsy.sty
Package: amsbsy 1999/11/29 v1.2d Bold Symbols
\pmbraise@=\dimen258
) (C:\Users\batuh\AppData\Local\Programs\MiKTeX\tex/latex/amsmath\amsopn.sty
Package: amsopn 2022/04/08 v2.04 operator names
)
\inf@bad=\count320
LaTeX Info: Redefining \frac on input line 234.
\uproot@=\count321
\leftroot@=\count322
LaTeX Info: Redefining \overline on input line 399.
LaTeX Info: Redefining \colon on input line 410.
\classnum@=\count323
\DOTSCASE@=\count324
LaTeX Info: Redefining \ldots on input line 496.
LaTeX Info: Redefining \dots on input line 499.
LaTeX Info: Redefining \cdots on input line 620.
\Mathstrutbox@=\box78
\strutbox@=\box79
LaTeX Info: Redefining \big on input line 722.
LaTeX Info: Redefining \Big on input line 723.
LaTeX Info: Redefining \bigg on input line 724.
LaTeX Info: Redefining \Bigg on input line 725.
\big@size=\dimen259
LaTeX Font Info:    Redeclaring font encoding OML on input line 743.
LaTeX Font Info:    Redeclaring font encoding OMS on input line 744.
\macc@depth=\count325
LaTeX Info: Redefining \bmod on input line 905.
LaTeX Info: Redefining \pmod on input line 910.
LaTeX Info: Redefining \smash on input line 940.
LaTeX Info: Redefining \relbar on input line 970.
LaTeX Info: Redefining \Relbar on input line 971.
\c@MaxMatrixCols=\count326
\dotsspace@=\muskip16
\c@parentequation=\count327
\dspbrk@lvl=\count328
\tag@help=\toks30
\row@=\count329
\column@=\count330
\maxfields@=\count331
\andhelp@=\toks31
\eqnshift@=\dimen260
\alignsep@=\dimen261
\tagshift@=\dimen262
\tagwidth@=\dimen263
\totwidth@=\dimen264
\lineht@=\dimen265
\@envbody=\toks32
\multlinegap=\skip65
\multlinetaggap=\skip66
\mathdisplay@stack=\toks33
LaTeX Info: Redefining \[ on input line 2953.
LaTeX Info: Redefining \] on input line 2954.
) (C:\Users\batuh\AppData\Local\Programs\MiKTeX\tex/latex/substr\substr.sty
Package: substr 2009/10/20 v1.2 Handle substrings
\c@su@anzahl=\count332
) (C:\Users\batuh\AppData\Local\Programs\MiKTeX\tex/latex/datatool\datatool-fp.sty
Package: datatool-fp 2019/09/27 v2.32 (NLCT)
 (C:\Users\batuh\AppData\Local\Programs\MiKTeX\tex/latex/fp\fp.sty
Package: fp 1995/04/02
 `Fixed Point Package', Version 0.8, April 2, 1995 (C) Michael Mehlich (C:\Users\batuh\AppData\Local\Programs\MiKTeX\tex/latex/fp\defpattern.sty
Package: defpattern 1994/10/12
\actioncount=\count333
) (C:\Users\batuh\AppData\Local\Programs\MiKTeX\tex/latex/fp\fp-basic.sty
Package: fp-basic 1996/05/13
\FP@xs=\count334
\FP@xia=\count335
\FP@xib=\count336
\FP@xfa=\count337
\FP@xfb=\count338
\FP@rega=\count339
\FP@regb=\count340
\FP@regs=\count341
\FP@times=\count342
) (C:\Users\batuh\AppData\Local\Programs\MiKTeX\tex/latex/fp\fp-addons.sty
Package: fp-addons 1995/03/15
) (C:\Users\batuh\AppData\Local\Programs\MiKTeX\tex/latex/fp\fp-snap.sty
Package: fp-snap 1995/04/05
) (C:\Users\batuh\AppData\Local\Programs\MiKTeX\tex/latex/fp\fp-exp.sty
Package: fp-exp 1995/04/03
) (C:\Users\batuh\AppData\Local\Programs\MiKTeX\tex/latex/fp\fp-trigo.sty
Package: fp-trigo 1995/04/14
) (C:\Users\batuh\AppData\Local\Programs\MiKTeX\tex/latex/fp\fp-pas.sty
Package: fp-pas 1994/08/29
) (C:\Users\batuh\AppData\Local\Programs\MiKTeX\tex/latex/fp\fp-random.sty
Package: fp-random 1995/02/23
\FPseed=\count343
) (C:\Users\batuh\AppData\Local\Programs\MiKTeX\tex/latex/fp\fp-eqn.sty
Package: fp-eqn 1995/04/03
) (C:\Users\batuh\AppData\Local\Programs\MiKTeX\tex/latex/fp\fp-upn.sty
Package: fp-upn 1996/10/21
) (C:\Users\batuh\AppData\Local\Programs\MiKTeX\tex/latex/fp\fp-eval.sty
Package: fp-eval 1995/04/03
)))
\@dtl@toks=\toks34
\@dtl@tmpcount=\count344
\dtl@tmplength=\skip67
\dtl@sortresult=\count345
\@dtl@numgrpsepcount=\count346
\@dtl@datatype=\count347
\dtl@codeA=\count348
\dtl@codeB=\count349
\@dtl@foreach@level=\count350
) (C:\Users\batuh\AppData\Local\Programs\MiKTeX\tex/latex/tracklang\tracklang.sty
Package: tracklang 2022/12/13 v1.6.1 (NLCT) Track Languages
 (C:\Users\batuh\AppData\Local\Programs\MiKTeX\tex/generic/tracklang\tracklang.tex)) (C:\Users\batuh\AppData\Local\Programs\MiKTeX\tex/latex/translator\translator.sty
Package: translator 2021-05-31 v1.12d Easy translation of strings in LaTeX
) (C:\Users\batuh\AppData\Local\Programs\MiKTeX\tex/latex/glossaries-english\glossaries-english.ldf
File: glossaries-english.ldf 2014/11/23 v1.0
)
\gls@level=\count351
\@gls@tmpb=\toks35
\gls@tmplen=\skip68
\glskeylisttok=\toks36
\glslabeltok=\toks37
\glsshorttok=\toks38
\glslongtok=\toks39
 (C:\Users\batuh\AppData\Local\Programs\MiKTeX\tex/latex/glossaries/styles\glossary-hypernav.sty
Package: glossary-hypernav 2024/04/03 v4.54 (NLCT)
) (C:\Users\batuh\AppData\Local\Programs\MiKTeX\tex/latex/glossaries/styles\glossary-list.sty
Package: glossary-list 2024/04/03 v4.54 (NLCT)
\glslistdottedwidth=\skip69
) (C:\Users\batuh\AppData\Local\Programs\MiKTeX\tex/latex/glossaries/styles\glossary-long.sty
Package: glossary-long 2024/04/03 v4.54 (NLCT)
 (C:\Users\batuh\AppData\Local\Programs\MiKTeX\tex/latex/tools\longtable.sty
Package: longtable 2023-11-01 v4.19 Multi-page Table package (DPC)
\LTleft=\skip70
\LTright=\skip71
\LTpre=\skip72
\LTpost=\skip73
\LTchunksize=\count352
\LTcapwidth=\dimen266
\LT@head=\box80
\LT@firsthead=\box81
\LT@foot=\box82
\LT@lastfoot=\box83
\LT@gbox=\box84
\LT@cols=\count353
\LT@rows=\count354
\c@LT@tables=\count355
\c@LT@chunks=\count356
\LT@p@ftn=\toks40
)
\glsdescwidth=\skip74
\glspagelistwidth=\skip75
) (C:\Users\batuh\AppData\Local\Programs\MiKTeX\tex/latex/glossaries/styles\glossary-super.sty
Package: glossary-super 2024/04/03 v4.54 (NLCT)
 (C:\Users\batuh\AppData\Local\Programs\MiKTeX\tex/latex/supertabular\supertabular.sty
Package: supertabular 2020/02/02 v4.1g the supertabular environment
\c@tracingst=\count357
\ST@wd=\dimen267
\ST@rightskip=\skip76
\ST@leftskip=\skip77
\ST@parfillskip=\skip78
\ST@pageleft=\dimen268
\ST@headht=\dimen269
\ST@tailht=\dimen270
\ST@pagesofar=\dimen271
\ST@pboxht=\dimen272
\ST@lineht=\dimen273
\ST@prevht=\dimen274
\ST@toadd=\dimen275
\ST@dimen=\dimen276
\ST@pbox=\box85
)) (C:\Users\batuh\AppData\Local\Programs\MiKTeX\tex/latex/glossaries/styles\glossary-tree.sty
Package: glossary-tree 2024/04/03 v4.54 (NLCT)
\glstreeindent=\skip79
)) (C:\Users\batuh\AppData\Local\Programs\MiKTeX\tex/latex/glossaries-extra\glossaries-extra.sty
Package: glossaries-extra 2023/09/29 v1.53 (NLCT)
\@glsxtr@leveloffset=\count358
\glsxtrresourcecount=\count359
\@glsxtrnewgls@inner=\count360
\glsshortpltok=\toks41
\glslongpltok=\toks42
 (C:\Users\batuh\AppData\Local\Programs\MiKTeX\tex/latex/glossaries-extra\glossaries-extra-abbrstyles.def
File: glossaries-extra-abbrstyles.def 2023/06/28 v1.52 (NLCT)
)
\mglselementindex=\count361
) (Sections/Glossary.tex)
runsystem(makeindex -s main.ist -t main.glg -o main.gls main.glo)...executed safely (allowed).

\glswrite=\write3
\glo@main@file=\write4
\openout4 = `main.glo'.

Package glossaries Info: Writing glossary file main.glo on input line 32.
 (C:\Users\batuh\AppData\Local\Programs\MiKTeX\tex/latex/hyperref\hyperref.sty
Package: hyperref 2024-01-20 v7.01h Hypertext links for LaTeX
 (C:\Users\batuh\AppData\Local\Programs\MiKTeX\tex/latex/kvsetkeys\kvsetkeys.sty
Package: kvsetkeys 2022-10-05 v1.19 Key value parser (HO)
) (C:\Users\batuh\AppData\Local\Programs\MiKTeX\tex/generic/kvdefinekeys\kvdefinekeys.sty
Package: kvdefinekeys 2019-12-19 v1.6 Define keys (HO)
) (C:\Users\batuh\AppData\Local\Programs\MiKTeX\tex/generic/pdfescape\pdfescape.sty
Package: pdfescape 2019/12/09 v1.15 Implements pdfTeX's escape features (HO)
 (C:\Users\batuh\AppData\Local\Programs\MiKTeX\tex/generic/ltxcmds\ltxcmds.sty
Package: ltxcmds 2023-12-04 v1.26 LaTeX kernel commands for general use (HO)
) (C:\Users\batuh\AppData\Local\Programs\MiKTeX\tex/generic/pdftexcmds\pdftexcmds.sty
Package: pdftexcmds 2020-06-27 v0.33 Utility functions of pdfTeX for LuaTeX (HO)
 (C:\Users\batuh\AppData\Local\Programs\MiKTeX\tex/generic/infwarerr\infwarerr.sty
Package: infwarerr 2019/12/03 v1.5 Providing info/warning/error messages (HO)
)
Package pdftexcmds Info: \pdf@primitive is available.
Package pdftexcmds Info: \pdf@ifprimitive is available.
Package pdftexcmds Info: \pdfdraftmode found.
)) (C:\Users\batuh\AppData\Local\Programs\MiKTeX\tex/latex/hycolor\hycolor.sty
Package: hycolor 2020-01-27 v1.10 Color options for hyperref/bookmark (HO)
) (C:\Users\batuh\AppData\Local\Programs\MiKTeX\tex/latex/auxhook\auxhook.sty
Package: auxhook 2019-12-17 v1.6 Hooks for auxiliary files (HO)
) (C:\Users\batuh\AppData\Local\Programs\MiKTeX\tex/latex/hyperref\nameref.sty
Package: nameref 2023-11-26 v2.56 Cross-referencing by name of section
 (C:\Users\batuh\AppData\Local\Programs\MiKTeX\tex/latex/refcount\refcount.sty
Package: refcount 2019/12/15 v3.6 Data extraction from label references (HO)
) (C:\Users\batuh\AppData\Local\Programs\MiKTeX\tex/generic/gettitlestring\gettitlestring.sty
Package: gettitlestring 2019/12/15 v1.6 Cleanup title references (HO)
 (C:\Users\batuh\AppData\Local\Programs\MiKTeX\tex/latex/kvoptions\kvoptions.sty
Package: kvoptions 2022-06-15 v3.15 Key value format for package options (HO)
))
\c@section@level=\count362
)
\@linkdim=\dimen277
\Hy@linkcounter=\count363
\Hy@pagecounter=\count364
 (C:\Users\batuh\AppData\Local\Programs\MiKTeX\tex/latex/hyperref\pd1enc.def
File: pd1enc.def 2024-01-20 v7.01h Hyperref: PDFDocEncoding definition (HO)
Now handling font encoding PD1 ...
... no UTF-8 mapping file for font encoding PD1
) (C:\Users\batuh\AppData\Local\Programs\MiKTeX\tex/generic/intcalc\intcalc.sty
Package: intcalc 2019/12/15 v1.3 Expandable calculations with integers (HO)
)
\Hy@SavedSpaceFactor=\count365
 (C:\Users\batuh\AppData\Local\Programs\MiKTeX\tex/latex/hyperref\puenc.def
File: puenc.def 2024-01-20 v7.01h Hyperref: PDF Unicode definition (HO)
Now handling font encoding PU ...
... no UTF-8 mapping file for font encoding PU
)
Package hyperref Info: Hyper figures OFF on input line 4179.
Package hyperref Info: Link nesting OFF on input line 4184.
Package hyperref Info: Hyper index ON on input line 4187.
Package hyperref Info: Plain pages OFF on input line 4194.
Package hyperref Info: Backreferencing OFF on input line 4199.
Package hyperref Info: Implicit mode ON; LaTeX internals redefined.
Package hyperref Info: Bookmarks ON on input line 4446.
\c@Hy@tempcnt=\count366
 (C:\Users\batuh\AppData\Local\Programs\MiKTeX\tex/latex/url\url.sty
\Urlmuskip=\muskip17
Package: url 2013/09/16  ver 3.4  Verb mode for urls, etc.
)
LaTeX Info: Redefining \url on input line 4784.
\XeTeXLinkMargin=\dimen278
 (C:\Users\batuh\AppData\Local\Programs\MiKTeX\tex/generic/bitset\bitset.sty
Package: bitset 2019/12/09 v1.3 Handle bit-vector datatype (HO)
 (C:\Users\batuh\AppData\Local\Programs\MiKTeX\tex/generic/bigintcalc\bigintcalc.sty
Package: bigintcalc 2019/12/15 v1.5 Expandable calculations on big integers (HO)
))
\Fld@menulength=\count367
\Field@Width=\dimen279
\Fld@charsize=\dimen280
Package hyperref Info: Hyper figures OFF on input line 6063.
Package hyperref Info: Link nesting OFF on input line 6068.
Package hyperref Info: Hyper index ON on input line 6071.
Package hyperref Info: backreferencing OFF on input line 6078.
Package hyperref Info: Link coloring OFF on input line 6083.
Package hyperref Info: Link coloring with OCG OFF on input line 6088.
Package hyperref Info: PDF/A mode OFF on input line 6093.
 (C:\Users\batuh\AppData\Local\Programs\MiKTeX\tex/latex/base\atbegshi-ltx.sty
Package: atbegshi-ltx 2021/01/10 v1.0c Emulation of the original atbegshi
package with kernel methods
)
\Hy@abspage=\count368
\c@Item=\count369
\c@Hfootnote=\count370
)
Package hyperref Info: Driver (autodetected): hpdftex.
 (C:\Users\batuh\AppData\Local\Programs\MiKTeX\tex/latex/hyperref\hpdftex.def
File: hpdftex.def 2024-01-20 v7.01h Hyperref driver for pdfTeX
 (C:\Users\batuh\AppData\Local\Programs\MiKTeX\tex/latex/base\atveryend-ltx.sty
Package: atveryend-ltx 2020/08/19 v1.0a Emulation of the original atveryend package
with kernel methods
)
\Fld@listcount=\count371
\c@bookmark@seq@number=\count372
 (C:\Users\batuh\AppData\Local\Programs\MiKTeX\tex/latex/rerunfilecheck\rerunfilecheck.sty
Package: rerunfilecheck 2022-07-10 v1.10 Rerun checks for auxiliary files (HO)
 (C:\Users\batuh\AppData\Local\Programs\MiKTeX\tex/generic/uniquecounter\uniquecounter.sty
Package: uniquecounter 2019/12/15 v1.4 Provide unlimited unique counter (HO)
)
Package uniquecounter Info: New unique counter `rerunfilecheck' on input line 285.
)
\Hy@SectionHShift=\skip80
)
Package hyperref Info: Option `colorlinks' set `true' on input line 45.
 (C:\Users\batuh\AppData\Local\Programs\MiKTeX\tex/latex/titlesec\titlesec.sty
Package: titlesec 2023/10/27 v2.16 Sectioning titles
\ttl@box=\box86
\beforetitleunit=\skip81
\aftertitleunit=\skip82
\ttl@plus=\dimen281
\ttl@minus=\dimen282
\ttl@toksa=\toks43
\titlewidth=\dimen283
\titlewidthlast=\dimen284
\titlewidthfirst=\dimen285
)) (main.aux (Sections/TitlePage.aux) (Sections/Revision.aux) (Sections/Introduction.aux) (Sections/ArchitecturalViews.aux) (Sections/Suggestions.aux))
\openout1 = `main.aux'.

LaTeX Font Info:    Checking defaults for OML/cmm/m/it on input line 6.
LaTeX Font Info:    ... okay on input line 6.
LaTeX Font Info:    Checking defaults for OMS/cmsy/m/n on input line 6.
LaTeX Font Info:    ... okay on input line 6.
LaTeX Font Info:    Checking defaults for OT1/cmr/m/n on input line 6.
LaTeX Font Info:    ... okay on input line 6.
LaTeX Font Info:    Checking defaults for T1/cmr/m/n on input line 6.
LaTeX Font Info:    ... okay on input line 6.
LaTeX Font Info:    Checking defaults for TS1/cmr/m/n on input line 6.
LaTeX Font Info:    ... okay on input line 6.
LaTeX Font Info:    Checking defaults for OMX/cmex/m/n on input line 6.
LaTeX Font Info:    ... okay on input line 6.
LaTeX Font Info:    Checking defaults for U/cmr/m/n on input line 6.
LaTeX Font Info:    ... okay on input line 6.
LaTeX Font Info:    Checking defaults for PD1/pdf/m/n on input line 6.
LaTeX Font Info:    ... okay on input line 6.
LaTeX Font Info:    Checking defaults for PU/pdf/m/n on input line 6.
LaTeX Font Info:    ... okay on input line 6.

*geometry* driver: auto-detecting
*geometry* detected driver: pdftex
*geometry* verbose mode - [ preamble ] result:
* driver: pdftex
* paper: <default>
* layout: <same size as paper>
* layoutoffset:(h,v)=(0.0pt,0.0pt)
* modes: 
* h-part:(L,W,R)=(71.13188pt, 443.57848pt, 99.58464pt)
* v-part:(T,H,B)=(56.9055pt, 642.66711pt, 95.39737pt)
* \paperwidth=614.295pt
* \paperheight=794.96999pt
* \textwidth=443.57848pt
* \textheight=642.66711pt
* \oddsidemargin=-1.1381pt
* \evensidemargin=-1.1381pt
* \topmargin=-52.36449pt
* \headheight=27.05003pt
* \headsep=25.0pt
* \topskip=12.0pt
* \footskip=30.0pt
* \marginparwidth=44.0pt
* \marginparsep=10.0pt
* \columnsep=10.0pt
* \skip\footins=10.8pt plus 4.0pt minus 2.0pt
* \hoffset=0.0pt
* \voffset=0.0pt
* \mag=1000
* \@twocolumnfalse
* \@twosidefalse
* \@mparswitchfalse
* \@reversemarginfalse
* (1in=72.27pt=25.4mm, 1cm=28.453pt)

(C:\Users\batuh\AppData\Local\Programs\MiKTeX\tex/context/base/mkii\supp-pdf.mkii
[Loading MPS to PDF converter (version 2006.09.02).]
\scratchcounter=\count373
\scratchdimen=\dimen286
\scratchbox=\box87
\nofMPsegments=\count374
\nofMParguments=\count375
\everyMPshowfont=\toks44
\MPscratchCnt=\count376
\MPscratchDim=\dimen287
\MPnumerator=\count377
\makeMPintoPDFobject=\count378
\everyMPtoPDFconversion=\toks45
) (C:\Users\batuh\AppData\Local\Programs\MiKTeX\tex/latex/epstopdf-pkg\epstopdf-base.sty
Package: epstopdf-base 2020-01-24 v2.11 Base part for package epstopdf
Package epstopdf-base Info: Redefining graphics rule for `.eps' on input line 485.
 (C:\Users\batuh\AppData\Local\Programs\MiKTeX\tex/latex/00miktex\epstopdf-sys.cfg
File: epstopdf-sys.cfg 2021/03/18 v2.0 Configuration of epstopdf for MiKTeX
)) (C:\Users\batuh\AppData\Local\Programs\MiKTeX\tex/latex/graphics\color.sty
Package: color 2022/01/06 v1.3d Standard LaTeX Color (DPC)
 (C:\Users\batuh\AppData\Local\Programs\MiKTeX\tex/latex/graphics-cfg\color.cfg
File: color.cfg 2016/01/02 v1.6 sample color configuration
)
Package color Info: Driver file: pdftex.def on input line 149.
 (C:\Users\batuh\AppData\Local\Programs\MiKTeX\tex/latex/graphics\mathcolor.ltx))
Package hyperref Info: Link coloring ON on input line 6.
 (main.out) (main.out)
\@outlinefile=\write5
\openout5 = `main.out'.

\openout2 = `Sections/TitlePage.aux'.

 (Sections/TitlePage.tex
<Figures/metu_logo.png, id=187, 280.8894pt x 170.7981pt>
File: Figures/metu_logo.png Graphic file (type png)
<use Figures/metu_logo.png>
Package pdftex.def Info: Figures/metu_logo.png  used on input line 4.
(pdftex.def)             Requested size: 354.86412pt x 215.7879pt.
 [1

\openout3 = `main.ist'.


{C:/Users/batuh/AppData/Local/MiKTeX/fonts/map/pdftex/pdftex.map} <./Figures/metu_logo.png>]) (main.toc
pdfTeX warning (ext4): destination with the same identifier (name{page.i}) has been already used, duplicate ignored
<to be read again> 
                   \relax 
l.22 ...™ uses of this view}{27}{subsection.4.3.1}
                                                  % [1



])
\tf@toc=\write6
\openout6 = `main.toc'.

 [2] (main.lof)
\tf@lof=\write7
\openout7 = `main.lof'.

 [3

] (main.lot)
\tf@lot=\write8
\openout8 = `main.lot'.

 [4

]
\openout2 = `Sections/Revision.aux'.

 (Sections/Revision.tex) [5



]
\openout2 = `Sections/Introduction.aux'.

 (Sections/Introduction.tex
Chapter 1.

Underfull \hbox (badness 10000) in paragraph at lines 17--19

 []

[1




] [2]) [3] [4] (main.bbl
Chapter 2.
) (main.gls [5



]
Chapter 3.
) [6


] [7]
\openout2 = `Sections/ArchitecturalViews.aux'.

 (Sections/ArchitecturalViews.tex
Chapter 4.
[8


]
<Figures/context_diagram.jpg, id=356, 1306.8825pt x 845.1575pt>
File: Figures/context_diagram.jpg Graphic file (type jpg)
<use Figures/context_diagram.jpg>
Package pdftex.def Info: Figures/context_diagram.jpg  used on input line 20.
(pdftex.def)             Requested size: 443.57848pt x 286.8597pt.
 [9 <./Figures/context_diagram.jpg>] [10]
<Figures/external_interfaces.jpg, id=365, 1021.8175pt x 938.50626pt>
File: Figures/external_interfaces.jpg Graphic file (type jpg)
<use Figures/external_interfaces.jpg>
Package pdftex.def Info: Figures/external_interfaces.jpg  used on input line 39.
(pdftex.def)             Requested size: 443.57848pt x 407.40202pt.
 [11 <./Figures/external_interfaces.jpg>]
Overfull \hbox (6.00977pt too wide) in paragraph at lines 62--63
[]\OT1/cmr/bx/n/12 observeWeatherData$\OT1/cmr/m/n/12 ()$: Func-tion to dis-play cur-rent and fore-casted weather
 []

[12] [13]
Overfull \hbox (31.37704pt too wide) in paragraph at lines 85--86
[]\OT1/cmr/bx/n/12 getTime$\OT1/cmr/m/n/12 ()$, \OT1/cmr/bx/n/12 get-Lo-ca-tion$\OT1/cmr/m/n/12 ()$, \OT1/cmr/bx/n/12 getWeath-er-Info$\OT1/cmr/m/n/12 ()$, \OT1/cmr/bx/n/12 get-Soil-Info$\OT1/cmr/m/n/12 ()$, \OT1/cmr/bx/n/12 get-PlantInfo$\OT1/cmr/m/n/12 ()$,
 []

[14]
<Figures/activity1.jpg, id=383, 1266.7325pt x 1045.9075pt>
File: Figures/activity1.jpg Graphic file (type jpg)
<use Figures/activity1.jpg>
Package pdftex.def Info: Figures/activity1.jpg  used on input line 95.
(pdftex.def)             Requested size: 443.57848pt x 366.24866pt.
<Figures/activity2.jpg, id=384, 865.2325pt x 1537.745pt>
File: Figures/activity2.jpg Graphic file (type jpg)
<use Figures/activity2.jpg>
Package pdftex.def Info: Figures/activity2.jpg  used on input line 101.
(pdftex.def)             Requested size: 320.13101pt x 568.95674pt.
 [15 <./Figures/activity1.jpg>] [16 <./Figures/activity2.jpg>]
<Figures/component_diagram.jpg, id=393, 1114.1625pt x 1490.56876pt>
File: Figures/component_diagram.jpg Graphic file (type jpg)
<use Figures/component_diagram.jpg>
Package pdftex.def Info: Figures/component_diagram.jpg  used on input line 123.
(pdftex.def)             Requested size: 310.50357pt x 415.4004pt.
 [17] [18 <./Figures/component_diagram.jpg>]
Underfull \hbox (badness 10000) in paragraph at lines 128--131

 []


Underfull \hbox (badness 10000) in paragraph at lines 128--131

 []

[19] [20]
<Figures/internal_interfaces.jpg, id=411, 951.555pt x 1059.96pt>
File: Figures/internal_interfaces.jpg Graphic file (type jpg)
<use Figures/internal_interfaces.jpg>
Package pdftex.def Info: Figures/internal_interfaces.jpg  used on input line 145.
(pdftex.def)             Requested size: 399.21791pt x 444.69496pt.
 [21 <./Figures/internal_interfaces.jpg>]
Overfull \hbox (4.37518pt too wide) in paragraph at lines 158--159
[]\OT1/cmr/m/n/12 Data Re-cep-tion: re-ceive-CropInfo, re-ceiveCom-mands, re-ceiveL-ogs, re-ceiveSen-
 []

[22] [23]
<Figures/sequence1.jpg, id=424, 1086.0575pt x 1045.9075pt>
File: Figures/sequence1.jpg Graphic file (type jpg)
<use Figures/sequence1.jpg>
Package pdftex.def Info: Figures/sequence1.jpg  used on input line 181.
(pdftex.def)             Requested size: 443.57848pt x 427.18105pt.
<Figures/sequence2.jpg, id=425, 1136.245pt x 1176.395pt>
File: Figures/sequence2.jpg Graphic file (type jpg)
<use Figures/sequence2.jpg>
Package pdftex.def Info: Figures/sequence2.jpg  used on input line 187.
(pdftex.def)             Requested size: 443.57848pt x 459.25893pt.
<Figures/sequence3.jpg, id=426, 1065.9825pt x 835.12pt>
File: Figures/sequence3.jpg Graphic file (type jpg)
<use Figures/sequence3.jpg>
Package pdftex.def Info: Figures/sequence3.jpg  used on input line 193.
(pdftex.def)             Requested size: 443.57848pt x 347.5113pt.
 [24 <./Figures/sequence1.jpg>] [25 <./Figures/sequence2.jpg>] [26 <./Figures/sequence3.jpg>] [27] [28]
<Figures/database_class_diagram.jpg, id=448, 1237.62375pt x 1837.86626pt>
File: Figures/database_class_diagram.jpg Graphic file (type jpg)
<use Figures/database_class_diagram.jpg>
Package pdftex.def Info: Figures/database_class_diagram.jpg  used on input line 217.
(pdftex.def)             Requested size: 310.50357pt x 461.09196pt.
 [29 <./Figures/database_class_diagram.jpg>]
> Step: init table outer spec.
> Step: parse table options.
> Step: split table.
> Step: init table inner spec.
> Step: parse table inner spec.
> Step: execute table commands.
> Step: calculate cell and line sizes.

Underfull \hbox (badness 2662) in paragraph at lines 421--421
[]\OT1/cmr/m/n/12 Create: Add a new sen-sor to the
 []

> Step: build the whole table.
[30] [31] [32] [33]
Underfull \hbox (badness 2662) in paragraph at lines 421--421
[]\OT1/cmr/m/n/12 Create: Add a new sen-sor to the
 []

[34] [35] [36] [37]
<Figures/deployment_diagram.jpg, id=487, 1457.445pt x 1969.3575pt>
File: Figures/deployment_diagram.jpg Graphic file (type jpg)
<use Figures/deployment_diagram.jpg>
Package pdftex.def Info: Figures/deployment_diagram.jpg  used on input line 442.
(pdftex.def)             Requested size: 310.50357pt x 419.55722pt.
 [38 <./Figures/deployment_diagram.jpg>]
Overfull \hbox (0.5595pt too wide) in paragraph at lines 450--451
[]\OT1/cmr/bx/n/12 Raspberry Pi: \OT1/cmr/m/n/12 Runs Farm-Bot OS, which in-cludes crit-i-cal mod-ules like syscall.ex,
 []


Overfull \hbox (8.83098pt too wide) in paragraph at lines 450--451
\OT1/cmr/m/n/12 filesys-tem.ex, sys-tem.ex, and mi-gra-tor.ex, along-side net-work[]layer.ex, data[]layer.ex,
 []

[39] [40])
Underfull \hbox (badness 10000) in paragraph at lines 469--28

 []


Underfull \hbox (badness 10000) in paragraph at lines 469--28

 []


Underfull \hbox (badness 10000) in paragraph at lines 469--28

 []

[41] [42]
\openout2 = `Sections/Suggestions.aux'.

 (Sections/Suggestions.tex
Chapter 5.

Overfull \hbox (4.2013pt too wide) in paragraph at lines 1--1
|[]\OT1/cmr/bx/n/24.88 Architectural Views for Your Sug-
 []

[43




]
<Figures/improved_context_diagram.jpg, id=513, 1306.8825pt x 845.1575pt>
File: Figures/improved_context_diagram.jpg Graphic file (type jpg)
<use Figures/improved_context_diagram.jpg>
Package pdftex.def Info: Figures/improved_context_diagram.jpg  used on input line 21.
(pdftex.def)             Requested size: 443.57848pt x 286.8597pt.
 [44 <./Figures/improved_context_diagram.jpg>] [45]
<Figures/improved_external_interfaces.jpg, id=522, 1117.17375pt x 1527.7075pt>
File: Figures/improved_external_interfaces.jpg Graphic file (type jpg)
<use Figures/improved_external_interfaces.jpg>
Package pdftex.def Info: Figures/improved_external_interfaces.jpg  used on input line 37.
(pdftex.def)             Requested size: 310.50357pt x 424.60822pt.
 [46 <./Figures/improved_external_interfaces.jpg>] [47] [48] [49]
<Figures/activity3.jpg, id=540, 1306.8825pt x 1045.9075pt>
File: Figures/activity3.jpg Graphic file (type jpg)
<use Figures/activity3.jpg>
Package pdftex.def Info: Figures/activity3.jpg  used on input line 93.
(pdftex.def)             Requested size: 443.57848pt x 354.99739pt.
 [50 <./Figures/activity3.jpg>] [51]
<Figures/improved_component_diagram.jpg, id=549, 1209.76968pt x 1480.78218pt>
File: Figures/improved_component_diagram.jpg Graphic file (type jpg)
<use Figures/improved_component_diagram.jpg>
Package pdftex.def Info: Figures/improved_component_diagram.jpg  used on input line 116.
(pdftex.def)             Requested size: 354.86412pt x 434.36412pt.
 [52 <./Figures/improved_component_diagram.jpg>] [53]
<Figures/improved_internal_interfaces.jpg, id=558, 1176.395pt x 1291.82625pt>
File: Figures/improved_internal_interfaces.jpg Graphic file (type jpg)
<use Figures/improved_internal_interfaces.jpg>
Package pdftex.def Info: Figures/improved_internal_interfaces.jpg  used on input line 134.
(pdftex.def)             Requested size: 399.21791pt x 438.38722pt.
 [54 <./Figures/improved_internal_interfaces.jpg>]
Overfull \hbox (4.2996pt too wide) in paragraph at lines 145--146
[]\OT1/cmr/bx/n/12 num[]trainable[]parameters: \OT1/cmr/m/n/12 Pa-ram-e-ters that can be ad-justed dur-ing train-
 []

[55] [56] [57]
<Figures/sequence4.jpg, id=576, 1357.07pt x 885.3075pt>
File: Figures/sequence4.jpg Graphic file (type jpg)
<use Figures/sequence4.jpg>
Package pdftex.def Info: Figures/sequence4.jpg  used on input line 188.
(pdftex.def)             Requested size: 443.57848pt x 289.36958pt.
 [58 <./Figures/sequence4.jpg>] [59] [60]
<Figures/improved_database_class_diagram.jpg, id=589, 1692.3225pt x 1888.05376pt>
File: Figures/improved_database_class_diagram.jpg Graphic file (type jpg)
<use Figures/improved_database_class_diagram.jpg>
Package pdftex.def Info: Figures/improved_database_class_diagram.jpg  used on input line 212.
(pdftex.def)             Requested size: 399.21791pt x 445.36365pt.
 [61 <./Figures/improved_database_class_diagram.jpg>]
> Step: init table outer spec.
> Step: parse table options.
> Step: split table.
> Step: init table inner spec.
> Step: parse table inner spec.
> Step: execute table commands.
> Step: calculate cell and line sizes.
> Step: build the whole table.
 [62] [63] [64] [65] [66]
<Figures/improved_deployment_diagram.jpg, id=615, 1868.9825pt x 2661.945pt>
File: Figures/improved_deployment_diagram.jpg Graphic file (type jpg)
<use Figures/improved_deployment_diagram.jpg>
Package pdftex.def Info: Figures/improved_deployment_diagram.jpg  used on input line 340.
(pdftex.def)             Requested size: 310.50357pt x 442.2077pt.
 [67 <./Figures/improved_deployment_diagram.jpg>]
Overfull \hbox (29.10228pt too wide) in paragraph at lines 352--353
\OT1/cmr/m/n/12 work, en-sur-ing ro-bust per-for-mance and en-hanc-ing user ex-pe-ri-ence. The use of HTTP/HTTPS
 []

[68] [69])
Underfull \hbox (badness 10000) in paragraph at lines 356--29

 []


Underfull \hbox (badness 10000) in paragraph at lines 356--29

 []


Underfull \hbox (badness 10000) in paragraph at lines 356--29

 []

[70] (main.aux (Sections/TitlePage.aux) (Sections/Revision.aux) (Sections/Introduction.aux) (Sections/ArchitecturalViews.aux) (Sections/Suggestions.aux))
 ***********
LaTeX2e <2023-11-01> patch level 1
L3 programming layer <2024-03-14>
 ***********
Package rerunfilecheck Info: File `main.out' has not changed.
(rerunfilecheck)             Checksum: 8D5DAA88D045210263D7B7DCCD65C878;7667.
 ) 
Here is how much of TeX's memory you used:
 24249 strings out of 474423
 458377 string characters out of 5741718
 1948496 words of memory out of 5000000
 46094 multiletter control sequences out of 15000+600000
 568271 words of font info for 65 fonts, out of 8000000 for 9000
 1141 hyphenation exceptions out of 8191
 99i,11n,115p,2460b,1114s stack positions out of 10000i,1000n,20000p,200000b,200000s
 <C:\Users\batuh\AppData\Local\MiKTeX\fonts/pk/ljfour/jknappen/ec/dpi600\tcrm1200.pk><C:/Users/batuh/AppData/Local/Programs/MiKTeX/fonts/type1/public/amsfonts/cm/cmbx12.pfb><C:/Users/batuh/AppData/Local/Programs/MiKTeX/fonts/type1/public/amsfonts/cm/cmcsc10.pfb><C:/Users/batuh/AppData/Local/Programs/MiKTeX/fonts/type1/public/amsfonts/cm/cmr12.pfb><C:/Users/batuh/AppData/Local/Programs/MiKTeX/fonts/type1/public/amsfonts/cm/cmr8.pfb><C:/Users/batuh/AppData/Local/Programs/MiKTeX/fonts/type1/public/amsfonts/cm/cmtt12.pfb>
Output written on main.pdf (76 pages, 12057226 bytes).
PDF statistics:
 695 PDF objects out of 1000 (max. 8388607)
 149 named destinations out of 1000 (max. 500000)
 469 words of extra memory for PDF output out of 10000 (max. 10000000)

