\BOOKMARK [0][-]{chapter*.2}{\376\377\000L\000i\000s\000t\000\040\000o\000f\000\040\000F\000i\000g\000u\000r\000e\000s}{}% 1
\BOOKMARK [0][-]{chapter*.3}{\376\377\000L\000i\000s\000t\000\040\000o\000f\000\040\000T\000a\000b\000l\000e\000s}{}% 2
\BOOKMARK [0][-]{chapter.1}{\376\377\000I\000n\000t\000r\000o\000d\000u\000c\000t\000i\000o\000n}{}% 3
\BOOKMARK [1][-]{section.1.1}{\376\377\000P\000u\000r\000p\000o\000s\000e\000\040\000a\000n\000d\000\040\000o\000b\000j\000e\000c\000t\000i\000v\000e\000s\000\040\000o\000f\000\040\000F\000a\000r\000m\000B\000o\000t}{chapter.1}% 4
\BOOKMARK [1][-]{section.1.2}{\376\377\000S\000c\000o\000p\000e}{chapter.1}% 5
\BOOKMARK [1][-]{section.1.3}{\376\377\000S\000t\000a\000k\000e\000h\000o\000l\000d\000e\000r\000s\000\040\000a\000n\000d\000\040\000t\000h\000e\000i\000r\000\040\000c\000o\000n\000c\000e\000r\000n\000s}{chapter.1}% 6
\BOOKMARK [0][-]{chapter.2}{\376\377\000R\000e\000f\000e\000r\000e\000n\000c\000e\000s}{}% 7
\BOOKMARK [0][-]{chapter.3}{\376\377\000G\000l\000o\000s\000s\000a\000r\000y}{}% 8
\BOOKMARK [0][-]{chapter.4}{\376\377\000A\000r\000c\000h\000i\000t\000e\000c\000t\000u\000r\000a\000l\000\040\000V\000i\000e\000w\000s}{}% 9
\BOOKMARK [1][-]{section.4.1}{\376\377\000C\000o\000n\000t\000e\000x\000t\000\040\000V\000i\000e\000w}{chapter.4}% 10
\BOOKMARK [2][-]{subsection.4.1.1}{\376\377\000S\000t\000a\000k\000e\000h\000o\000l\000d\000e\000r\000s\040\031\000\040\000u\000s\000e\000s\000\040\000o\000f\000\040\000t\000h\000i\000s\000\040\000v\000i\000e\000w}{section.4.1}% 11
\BOOKMARK [2][-]{subsection.4.1.2}{\376\377\000C\000o\000n\000t\000e\000x\000t\000\040\000D\000i\000a\000g\000r\000a\000m}{section.4.1}% 12
\BOOKMARK [2][-]{subsection.4.1.3}{\376\377\000E\000x\000t\000e\000r\000n\000a\000l\000\040\000I\000n\000t\000e\000r\000f\000a\000c\000e\000s}{section.4.1}% 13
\BOOKMARK [2][-]{subsection.4.1.4}{\376\377\000I\000n\000t\000e\000r\000a\000c\000t\000i\000o\000n\000\040\000s\000c\000e\000n\000a\000r\000i\000o\000s}{section.4.1}% 14
\BOOKMARK [1][-]{section.4.2}{\376\377\000F\000u\000n\000c\000t\000i\000o\000n\000a\000l\000\040\000V\000i\000e\000w}{chapter.4}% 15
\BOOKMARK [2][-]{subsection.4.2.1}{\376\377\000S\000t\000a\000k\000e\000h\000o\000l\000d\000e\000r\000s\040\031\000\040\000u\000s\000e\000s\000\040\000o\000f\000\040\000t\000h\000i\000s\000\040\000v\000i\000e\000w}{section.4.2}% 16
\BOOKMARK [2][-]{subsection.4.2.2}{\376\377\000C\000o\000m\000p\000o\000n\000e\000n\000t\000\040\000D\000i\000a\000g\000r\000a\000m}{section.4.2}% 17
\BOOKMARK [2][-]{subsection.4.2.3}{\376\377\000I\000n\000t\000e\000r\000n\000a\000l\000\040\000I\000n\000t\000e\000r\000f\000a\000c\000e\000s}{section.4.2}% 18
\BOOKMARK [2][-]{subsection.4.2.4}{\376\377\000I\000n\000t\000e\000r\000a\000c\000t\000i\000o\000n\000\040\000P\000a\000t\000t\000e\000r\000n\000s}{section.4.2}% 19
\BOOKMARK [1][-]{section.4.3}{\376\377\000I\000n\000f\000o\000r\000m\000a\000t\000i\000o\000n\000\040\000V\000i\000e\000w}{chapter.4}% 20
\BOOKMARK [2][-]{subsection.4.3.1}{\376\377\000S\000t\000a\000k\000e\000h\000o\000l\000d\000e\000r\000s\040\031\000\040\000u\000s\000e\000s\000\040\000o\000f\000\040\000t\000h\000i\000s\000\040\000v\000i\000e\000w}{section.4.3}% 21
\BOOKMARK [2][-]{subsection.4.3.2}{\376\377\000D\000a\000t\000a\000b\000a\000s\000e\000\040\000C\000l\000a\000s\000s\000\040\000D\000i\000a\000g\000r\000a\000m}{section.4.3}% 22
\BOOKMARK [2][-]{subsection.4.3.3}{\376\377\000O\000p\000e\000r\000a\000t\000i\000o\000n\000s\000\040\000o\000n\000\040\000D\000a\000t\000a}{section.4.3}% 23
\BOOKMARK [1][-]{section.4.4}{\376\377\000D\000e\000p\000l\000o\000y\000m\000e\000n\000t\000\040\000V\000i\000e\000w}{chapter.4}% 24
\BOOKMARK [2][-]{subsection.4.4.1}{\376\377\000S\000t\000a\000k\000e\000h\000o\000l\000d\000e\000r\000s\040\031\000\040\000u\000s\000e\000s\000\040\000o\000f\000\040\000t\000h\000i\000s\000\040\000v\000i\000e\000w}{section.4.4}% 25
\BOOKMARK [2][-]{subsection.4.4.2}{\376\377\000D\000e\000p\000l\000o\000y\000m\000e\000n\000t\000\040\000D\000i\000a\000g\000r\000a\000m}{section.4.4}% 26
\BOOKMARK [1][-]{section.4.5}{\376\377\000D\000e\000s\000i\000g\000n\000\040\000R\000a\000t\000i\000o\000n\000a\000l\000e}{chapter.4}% 27
\BOOKMARK [0][-]{chapter.5}{\376\377\000A\000r\000c\000h\000i\000t\000e\000c\000t\000u\000r\000a\000l\000\040\000V\000i\000e\000w\000s\000\040\000f\000o\000r\000\040\000Y\000o\000u\000r\000\040\000S\000u\000g\000g\000e\000s\000t\000i\000o\000n\000s\000\040\000t\000o\000\040\000I\000m\000p\000r\000o\000v\000e\000\040\000t\000h\000e\000\040\000E\000x\000i\000s\000t\000i\000n\000g\000\040\000S\000y\000s\000t\000e\000m}{}% 28
\BOOKMARK [1][-]{section.5.1}{\376\377\000C\000o\000n\000t\000e\000x\000t\000\040\000V\000i\000e\000w}{chapter.5}% 29
\BOOKMARK [2][-]{subsection.5.1.1}{\376\377\000S\000t\000a\000k\000e\000h\000o\000l\000d\000e\000r\000s\040\031\000\040\000u\000s\000e\000s\000\040\000o\000f\000\040\000t\000h\000i\000s\000\040\000v\000i\000e\000w}{section.5.1}% 30
\BOOKMARK [2][-]{subsection.5.1.2}{\376\377\000C\000o\000n\000t\000e\000x\000t\000\040\000D\000i\000a\000g\000r\000a\000m}{section.5.1}% 31
\BOOKMARK [2][-]{subsection.5.1.3}{\376\377\000E\000x\000t\000e\000r\000n\000a\000l\000\040\000I\000n\000t\000e\000r\000f\000a\000c\000e\000s}{section.5.1}% 32
\BOOKMARK [2][-]{subsection.5.1.4}{\376\377\000I\000n\000t\000e\000r\000a\000c\000t\000i\000o\000n\000\040\000s\000c\000e\000n\000a\000r\000i\000o\000s}{section.5.1}% 33
\BOOKMARK [1][-]{section.5.2}{\376\377\000F\000u\000n\000c\000t\000i\000o\000n\000a\000l\000\040\000V\000i\000e\000w}{chapter.5}% 34
\BOOKMARK [2][-]{subsection.5.2.1}{\376\377\000S\000t\000a\000k\000e\000h\000o\000l\000d\000e\000r\000s\040\031\000\040\000u\000s\000e\000s\000\040\000o\000f\000\040\000t\000h\000i\000s\000\040\000v\000i\000e\000w}{section.5.2}% 35
\BOOKMARK [2][-]{subsection.5.2.2}{\376\377\000C\000o\000m\000p\000o\000n\000e\000n\000t\000\040\000D\000i\000a\000g\000r\000a\000m}{section.5.2}% 36
\BOOKMARK [2][-]{subsection.5.2.3}{\376\377\000I\000n\000t\000e\000r\000n\000a\000l\000\040\000I\000n\000t\000e\000r\000f\000a\000c\000e\000s}{section.5.2}% 37
\BOOKMARK [2][-]{subsection.5.2.4}{\376\377\000I\000n\000t\000e\000r\000a\000c\000t\000i\000o\000n\000\040\000P\000a\000t\000t\000e\000r\000n\000s}{section.5.2}% 38
\BOOKMARK [1][-]{section.5.3}{\376\377\000I\000n\000f\000o\000r\000m\000a\000t\000i\000o\000n\000\040\000V\000i\000e\000w}{chapter.5}% 39
\BOOKMARK [2][-]{subsection.5.3.1}{\376\377\000S\000t\000a\000k\000e\000h\000o\000l\000d\000e\000r\000s\040\031\000\040\000u\000s\000e\000s\000\040\000o\000f\000\040\000t\000h\000i\000s\000\040\000v\000i\000e\000w}{section.5.3}% 40
\BOOKMARK [2][-]{subsection.5.3.2}{\376\377\000D\000a\000t\000a\000b\000a\000s\000e\000\040\000C\000l\000a\000s\000s\000\040\000D\000i\000a\000g\000r\000a\000m}{section.5.3}% 41
\BOOKMARK [2][-]{subsection.5.3.3}{\376\377\000O\000p\000e\000r\000a\000t\000i\000o\000n\000s\000\040\000o\000n\000\040\000D\000a\000t\000a}{section.5.3}% 42
\BOOKMARK [1][-]{section.5.4}{\376\377\000D\000e\000p\000l\000o\000y\000m\000e\000n\000t\000\040\000V\000i\000e\000w}{chapter.5}% 43
\BOOKMARK [2][-]{subsection.5.4.1}{\376\377\000S\000t\000a\000k\000e\000h\000o\000l\000d\000e\000r\000s\040\031\000\040\000u\000s\000e\000s\000\040\000o\000f\000\040\000t\000h\000i\000s\000\040\000v\000i\000e\000w}{section.5.4}% 44
\BOOKMARK [2][-]{subsection.5.4.2}{\376\377\000D\000e\000p\000l\000o\000y\000m\000e\000n\000t\000\040\000D\000i\000a\000g\000r\000a\000m}{section.5.4}% 45
\BOOKMARK [1][-]{section.5.5}{\376\377\000D\000e\000s\000i\000g\000n\000\040\000R\000a\000t\000i\000o\000n\000a\000l\000e}{chapter.5}% 46
